<?xml version="1.0" encoding="UTF-8"?>
<testng-results ignored="0" total="1" passed="1" failed="0" skipped="0">
  <reporter-output>
    <line>
      <![CDATA[Amazom Open]]>
    </line>
    <line>
      <![CDATA[Windows Maximize]]>
    </line>
    <line>
      <![CDATA[Browser is Closed]]>
    </line>
  </reporter-output>
  <suite started-at="2023-08-28T13:00:15 IST" name="Default suite" finished-at="2023-08-28T13:00:37 IST" duration-ms="22604">
    <groups>
    </groups>
    <test started-at="2023-08-28T13:00:15 IST" name="Default test" finished-at="2023-08-28T13:00:37 IST" duration-ms="22604">
      <class name="flipkartTestClasses.TC002_VerifyAmazon">
        <test-method signature="verifyAmazon()[pri:0, instance:flipkartTestClasses.TC002_VerifyAmazon@3fb1549b]" started-at="2023-08-28T13:00:15 IST" name="verifyAmazon" finished-at="2023-08-28T13:00:37 IST" duration-ms="22509" status="PASS">
          <reporter-output>
            <line>
              <![CDATA[Amazom Open]]>
            </line>
            <line>
              <![CDATA[Windows Maximize]]>
            </line>
            <line>
              <![CDATA[Browser is Closed]]>
            </line>
          </reporter-output>
        </test-method> <!-- verifyAmazon -->
      </class> <!-- flipkartTestClasses.TC002_VerifyAmazon -->
    </test> <!-- Default test -->
  </suite> <!-- Default suite -->
</testng-results>
