<?xml version="1.0" encoding="UTF-8"?>
<testng-results ignored="0" total="1" passed="1" failed="0" skipped="0">
  <reporter-output>
    <line>
      <![CDATA[Browser open]]>
    </line>
    <line>
      <![CDATA[Browser Maximize]]>
    </line>
    <line>
      <![CDATA[Browser Close]]>
    </line>
  </reporter-output>
  <suite started-at="2023-08-28T13:23:25 IST" name="Default suite" finished-at="2023-08-28T13:23:43 IST" duration-ms="18292">
    <groups>
    </groups>
    <test started-at="2023-08-28T13:23:25 IST" name="Default test" finished-at="2023-08-28T13:23:43 IST" duration-ms="18292">
      <class name="flipkartTestClasses.TC003_VerifyMintra">
        <test-method signature="verifyMintra()[pri:0, instance:flipkartTestClasses.TC003_VerifyMintra@3fb1549b]" started-at="2023-08-28T13:23:25 IST" name="verifyMintra" finished-at="2023-08-28T13:23:43 IST" duration-ms="18208" status="PASS">
          <reporter-output>
            <line>
              <![CDATA[Browser open]]>
            </line>
            <line>
              <![CDATA[Browser Maximize]]>
            </line>
            <line>
              <![CDATA[Browser Close]]>
            </line>
          </reporter-output>
        </test-method> <!-- verifyMintra -->
      </class> <!-- flipkartTestClasses.TC003_VerifyMintra -->
    </test> <!-- Default test -->
  </suite> <!-- Default suite -->
</testng-results>
